# JRE version: OpenJDK Runtime Environment (11.0.12+7) (build 11.0.12+7-b1504.28-7817840)
# Java VM: OpenJDK 64-Bit Server VM (11.0.12+7-b1504.28-7817840, mixed mode, tiered, compressed oops, g1 gc, windows-amd64)
Heap:
 garbage-first heap   total 501760K, used 183779K [0x0000000080000000, 0x0000000100000000)
  region size 1024K, 2 young (2048K), 2 survivors (2048K)
 Metaspace       used 140890K, capacity 145104K, committed 145228K, reserved 1175552K
  class space    used 17729K, capacity 19245K, committed 19328K, reserved 1048576K
GC Heap History (20 events):
Event: 588.950 GC heap after
{Heap after GC invocations=93 (full 0):
 garbage-first heap   total 273408K, used 153785K [0x0000000080000000, 0x0000000100000000)
  region size 1024K, 6 young (6144K), 6 survivors (6144K)
 Metaspace       used 133011K, capacity 136885K, committed 137164K, reserved 1167360K
  class space    used 16878K, capacity 18357K, committed 18432K, reserved 1048576K
}
Event: 589.225 GC heap before
{Heap before GC invocations=93 (full 0):
 garbage-first heap   total 273408K, used 233657K [0x0000000080000000, 0x0000000100000000)
  region size 1024K, 84 young (86016K), 6 survivors (6144K)
 Metaspace       used 133011K, capacity 136885K, committed 137164K, reserved 1167360K
  class space    used 16878K, capacity 18357K, committed 18432K, reserved 1048576K
}
Event: 589.233 GC heap after
{Heap after GC invocations=94 (full 0):
 garbage-first heap   total 328704K, used 154321K [0x0000000080000000, 0x0000000100000000)
  region size 1024K, 6 young (6144K), 6 survivors (6144K)
 Metaspace       used 133011K, capacity 136885K, committed 137164K, reserved 1167360K
  class space    used 16878K, capacity 18357K, committed 18432K, reserved 1048576K
}
Event: 589.772 GC heap before
{Heap before GC invocations=94 (full 0):
 garbage-first heap   total 328704K, used 264913K [0x0000000080000000, 0x0000000100000000)
  region size 1024K, 114 young (116736K), 6 survivors (6144K)
 Metaspace       used 133014K, capacity 136885K, committed 137164K, reserved 1167360K
  class space    used 16878K, capacity 18357K, committed 18432K, reserved 1048576K
}
Event: 589.778 GC heap after
{Heap after GC invocations=95 (full 0):
 garbage-first heap   total 328704K, used 155555K [0x0000000080000000, 0x0000000100000000)
  region size 1024K, 7 young (7168K), 7 survivors (7168K)
 Metaspace       used 133014K, capacity 136885K, committed 137164K, reserved 1167360K
  class space    used 16878K, capacity 18357K, committed 18432K, reserved 1048576K
}
Event: 590.248 GC heap before
{Heap before GC invocations=95 (full 0):
 garbage-first heap   total 328704K, used 274339K [0x0000000080000000, 0x0000000100000000)
  region size 1024K, 124 young (126976K), 7 survivors (7168K)
 Metaspace       used 133014K, capacity 136885K, committed 137164K, reserved 1167360K
  class space    used 16878K, capacity 18357K, committed 18432K, reserved 1048576K
}
Event: 590.257 GC heap after
{Heap after GC invocations=96 (full 0):
 garbage-first heap   total 328704K, used 155955K [0x0000000080000000, 0x0000000100000000)
  region size 1024K, 7 young (7168K), 7 survivors (7168K)
 Metaspace       used 133014K, capacity 136885K, committed 137164K, reserved 1167360K
  class space    used 16878K, capacity 18357K, committed 18432K, reserved 1048576K
}
Event: 590.797 GC heap before
{Heap before GC invocations=96 (full 0):
 garbage-first heap   total 328704K, used 281907K [0x0000000080000000, 0x0000000100000000)
  region size 1024K, 130 young (133120K), 7 survivors (7168K)
 Metaspace       used 133014K, capacity 136885K, committed 137164K, reserved 1167360K
  class space    used 16878K, capacity 18357K, committed 18432K, reserved 1048576K
}
Event: 590.840 GC heap after
{Heap after GC invocations=97 (full 0):
 garbage-first heap   total 328704K, used 153296K [0x0000000080000000, 0x0000000100000000)
  region size 1024K, 6 young (6144K), 6 survivors (6144K)
 Metaspace       used 133014K, capacity 136885K, committed 137164K, reserved 1167360K
  class space    used 16878K, capacity 18357K, committed 18432K, reserved 1048576K
}
Event: 591.377 GC heap before
{Heap before GC invocations=97 (full 0):
 garbage-first heap   total 328704K, used 280272K [0x0000000080000000, 0x0000000100000000)
  region size 1024K, 130 young (133120K), 6 survivors (6144K)
 Metaspace       used 133015K, capacity 136885K, committed 137164K, reserved 1167360K
  class space    used 16878K, capacity 18357K, committed 18432K, reserved 1048576K
}
Event: 591.383 GC heap after
{Heap after GC invocations=98 (full 0):
 garbage-first heap   total 328704K, used 154112K [0x0000000080000000, 0x0000000100000000)
  region size 1024K, 6 young (6144K), 6 survivors (6144K)
 Metaspace       used 133015K, capacity 136885K, committed 137164K, reserved 1167360K
  class space    used 16878K, capacity 18357K, committed 18432K, reserved 1048576K
}
Event: 591.923 GC heap before
{Heap before GC invocations=98 (full 0):
 garbage-first heap   total 328704K, used 286208K [0x0000000080000000, 0x0000000100000000)
  region size 1024K, 135 young (138240K), 6 survivors (6144K)
 Metaspace       used 133017K, capacity 136885K, committed 137164K, reserved 1167360K
  class space    used 16879K, capacity 18357K, committed 18432K, reserved 1048576K
}
Event: 591.929 GC heap after
{Heap after GC invocations=99 (full 0):
 garbage-first heap   total 328704K, used 155001K [0x0000000080000000, 0x0000000100000000)
  region size 1024K, 7 young (7168K), 7 survivors (7168K)
 Metaspace       used 133017K, capacity 136885K, committed 137164K, reserved 1167360K
  class space    used 16879K, capacity 18357K, committed 18432K, reserved 1048576K
}
Event: 592.354 GC heap before
{Heap before GC invocations=99 (full 0):
 garbage-first heap   total 328704K, used 286073K [0x0000000080000000, 0x0000000100000000)
  region size 1024K, 135 young (138240K), 7 survivors (7168K)
 Metaspace       used 133018K, capacity 136885K, committed 137164K, reserved 1167360K
  class space    used 16879K, capacity 18357K, committed 18432K, reserved 1048576K
}
Event: 592.361 GC heap after
{Heap after GC invocations=100 (full 0):
 garbage-first heap   total 328704K, used 156691K [0x0000000080000000, 0x0000000100000000)
  region size 1024K, 9 young (9216K), 9 survivors (9216K)
 Metaspace       used 133018K, capacity 136885K, committed 137164K, reserved 1167360K
  class space    used 16879K, capacity 18357K, committed 18432K, reserved 1048576K
}
Event: 594.422 GC heap before
{Heap before GC invocations=100 (full 0):
 garbage-first heap   total 328704K, used 292883K [0x0000000080000000, 0x0000000100000000)
  region size 1024K, 134 young (137216K), 9 survivors (9216K)
 Metaspace       used 134290K, capacity 138365K, committed 138572K, reserved 1169408K
  class space    used 17038K, capacity 18537K, committed 18560K, reserved 1048576K
}
Event: 594.428 GC heap after
{Heap after GC invocations=101 (full 0):
 garbage-first heap   total 328704K, used 158545K [0x0000000080000000, 0x0000000100000000)
  region size 1024K, 5 young (5120K), 5 survivors (5120K)
 Metaspace       used 134290K, capacity 138365K, committed 138572K, reserved 1169408K
  class space    used 17038K, capacity 18537K, committed 18560K, reserved 1048576K
}
Event: 596.572 GC heap before
{Heap before GC invocations=101 (full 0):
 garbage-first heap   total 328704K, used 298833K [0x0000000080000000, 0x0000000100000000)
  region size 1024K, 130 young (133120K), 5 survivors (5120K)
 Metaspace       used 140880K, capacity 145104K, committed 145228K, reserved 1175552K
  class space    used 17729K, capacity 19245K, committed 19328K, reserved 1048576K
}
Event: 596.627 GC heap after
{Heap after GC invocations=102 (full 0):
 garbage-first heap   total 328704K, used 182464K [0x0000000080000000, 0x0000000100000000)
  region size 1024K, 16 young (16384K), 16 survivors (16384K)
 Metaspace       used 140880K, capacity 145104K, committed 145228K, reserved 1175552K
  class space    used 17729K, capacity 19245K, committed 19328K, reserved 1048576K
}
Event: 597.103 GC heap before
{Heap before GC invocations=102 (full 0):
 garbage-first heap   total 328704K, used 277696K [0x0000000080000000, 0x0000000100000000)
  region size 1024K, 109 young (111616K), 16 survivors (16384K)
 Metaspace       used 140890K, capacity 145104K, committed 145228K, reserved 1175552K
  class space    used 17729K, capacity 19245K, committed 19328K, reserved 1048576K
}

