# JRE version: OpenJDK Runtime Environment (11.0.12+7) (build 11.0.12+7-b1504.28-7817840)
# Java VM: OpenJDK 64-Bit Server VM (11.0.12+7-b1504.28-7817840, mixed mode, tiered, compressed oops, g1 gc, windows-amd64)
Heap:
 garbage-first heap   total 303104K, used 207741K [0x0000000080000000, 0x0000000100000000)
  region size 1024K, 2 young (2048K), 2 survivors (2048K)
 Metaspace       used 121671K, capacity 124913K, committed 125164K, reserved 1159168K
  class space    used 15266K, capacity 16386K, committed 16512K, reserved 1048576K
GC Heap History (20 events):
Event: 199.504 GC heap after
{Heap after GC invocations=49 (full 0):
 garbage-first heap   total 225280K, used 162737K [0x0000000080000000, 0x0000000100000000)
  region size 1024K, 2 young (2048K), 2 survivors (2048K)
 Metaspace       used 117028K, capacity 120089K, committed 120300K, reserved 1155072K
  class space    used 14555K, capacity 15638K, committed 15744K, reserved 1048576K
}
Event: 199.542 GC heap before
{Heap before GC invocations=49 (full 0):
 garbage-first heap   total 225280K, used 164785K [0x0000000080000000, 0x0000000100000000)
  region size 1024K, 6 young (6144K), 2 survivors (2048K)
 Metaspace       used 117035K, capacity 120091K, committed 120300K, reserved 1155072K
  class space    used 14556K, capacity 15638K, committed 15744K, reserved 1048576K
}
Event: 199.547 GC heap after
{Heap after GC invocations=50 (full 0):
 garbage-first heap   total 225280K, used 163075K [0x0000000080000000, 0x0000000100000000)
  region size 1024K, 3 young (3072K), 3 survivors (3072K)
 Metaspace       used 117035K, capacity 120091K, committed 120300K, reserved 1155072K
  class space    used 14556K, capacity 15638K, committed 15744K, reserved 1048576K
}
Event: 200.110 GC heap before
{Heap before GC invocations=51 (full 0):
 garbage-first heap   total 225280K, used 194819K [0x0000000080000000, 0x0000000100000000)
  region size 1024K, 32 young (32768K), 3 survivors (3072K)
 Metaspace       used 119093K, capacity 122217K, committed 122348K, reserved 1155072K
  class space    used 14814K, capacity 15886K, committed 16000K, reserved 1048576K
}
Event: 200.117 GC heap after
{Heap after GC invocations=52 (full 0):
 garbage-first heap   total 225280K, used 169536K [0x0000000080000000, 0x0000000100000000)
  region size 1024K, 4 young (4096K), 4 survivors (4096K)
 Metaspace       used 119093K, capacity 122217K, committed 122348K, reserved 1155072K
  class space    used 14814K, capacity 15886K, committed 16000K, reserved 1048576K
}
Event: 200.261 GC heap before
{Heap before GC invocations=52 (full 0):
 garbage-first heap   total 225280K, used 187968K [0x0000000080000000, 0x0000000100000000)
  region size 1024K, 11 young (11264K), 4 survivors (4096K)
 Metaspace       used 120366K, capacity 123536K, committed 123756K, reserved 1157120K
  class space    used 14993K, capacity 16094K, committed 16128K, reserved 1048576K
}
Event: 200.265 GC heap after
{Heap after GC invocations=53 (full 0):
 garbage-first heap   total 225280K, used 175403K [0x0000000080000000, 0x0000000100000000)
  region size 1024K, 1 young (1024K), 1 survivors (1024K)
 Metaspace       used 120366K, capacity 123536K, committed 123756K, reserved 1157120K
  class space    used 14993K, capacity 16094K, committed 16128K, reserved 1048576K
}
Event: 200.274 GC heap before
{Heap before GC invocations=53 (full 0):
 garbage-first heap   total 225280K, used 183595K [0x0000000080000000, 0x0000000100000000)
  region size 1024K, 8 young (8192K), 1 survivors (1024K)
 Metaspace       used 120371K, capacity 123536K, committed 123756K, reserved 1157120K
  class space    used 14993K, capacity 16094K, committed 16128K, reserved 1048576K
}
Event: 200.277 GC heap after
{Heap after GC invocations=54 (full 0):
 garbage-first heap   total 225280K, used 179960K [0x0000000080000000, 0x0000000100000000)
  region size 1024K, 3 young (3072K), 3 survivors (3072K)
 Metaspace       used 120371K, capacity 123536K, committed 123756K, reserved 1157120K
  class space    used 14993K, capacity 16094K, committed 16128K, reserved 1048576K
}
Event: 200.536 GC heap before
{Heap before GC invocations=54 (full 0):
 garbage-first heap   total 225280K, used 206584K [0x0000000080000000, 0x0000000100000000)
  region size 1024K, 17 young (17408K), 3 survivors (3072K)
 Metaspace       used 120601K, capacity 123800K, committed 124012K, reserved 1157120K
  class space    used 15015K, capacity 16096K, committed 16128K, reserved 1048576K
}
Event: 200.545 GC heap after
{Heap after GC invocations=55 (full 0):
 garbage-first heap   total 225280K, used 189833K [0x0000000080000000, 0x0000000100000000)
  region size 1024K, 3 young (3072K), 3 survivors (3072K)
 Metaspace       used 120601K, capacity 123800K, committed 124012K, reserved 1157120K
  class space    used 15015K, capacity 16096K, committed 16128K, reserved 1048576K
}
Event: 200.623 GC heap before
{Heap before GC invocations=55 (full 0):
 garbage-first heap   total 225280K, used 197001K [0x0000000080000000, 0x0000000100000000)
  region size 1024K, 11 young (11264K), 3 survivors (3072K)
 Metaspace       used 120601K, capacity 123800K, committed 124012K, reserved 1157120K
  class space    used 15015K, capacity 16096K, committed 16128K, reserved 1048576K
}
Event: 200.632 GC heap after
{Heap after GC invocations=56 (full 0):
 garbage-first heap   total 225280K, used 193529K [0x0000000080000000, 0x0000000100000000)
  region size 1024K, 2 young (2048K), 2 survivors (2048K)
 Metaspace       used 120601K, capacity 123800K, committed 124012K, reserved 1157120K
  class space    used 15015K, capacity 16096K, committed 16128K, reserved 1048576K
}
Event: 200.686 GC heap before
{Heap before GC invocations=57 (full 0):
 garbage-first heap   total 225280K, used 201721K [0x0000000080000000, 0x0000000100000000)
  region size 1024K, 11 young (11264K), 2 survivors (2048K)
 Metaspace       used 120602K, capacity 123800K, committed 124012K, reserved 1157120K
  class space    used 15015K, capacity 16096K, committed 16128K, reserved 1048576K
}
Event: 200.696 GC heap after
{Heap after GC invocations=58 (full 0):
 garbage-first heap   total 225280K, used 197275K [0x0000000080000000, 0x0000000100000000)
  region size 1024K, 2 young (2048K), 2 survivors (2048K)
 Metaspace       used 120602K, capacity 123800K, committed 124012K, reserved 1157120K
  class space    used 15015K, capacity 16096K, committed 16128K, reserved 1048576K
}
Event: 200.752 GC heap before
{Heap before GC invocations=58 (full 0):
 garbage-first heap   total 225280K, used 207515K [0x0000000080000000, 0x0000000100000000)
  region size 1024K, 11 young (11264K), 2 survivors (2048K)
 Metaspace       used 120602K, capacity 123800K, committed 124012K, reserved 1157120K
  class space    used 15015K, capacity 16096K, committed 16128K, reserved 1048576K
}
Event: 200.764 GC heap after
{Heap after GC invocations=59 (full 0):
 garbage-first heap   total 225280K, used 201053K [0x0000000080000000, 0x0000000100000000)
  region size 1024K, 2 young (2048K), 2 survivors (2048K)
 Metaspace       used 120602K, capacity 123800K, committed 124012K, reserved 1157120K
  class space    used 15015K, capacity 16096K, committed 16128K, reserved 1048576K
}
Event: 200.796 GC heap before
{Heap before GC invocations=59 (full 0):
 garbage-first heap   total 225280K, used 205149K [0x0000000080000000, 0x0000000100000000)
  region size 1024K, 8 young (8192K), 2 survivors (2048K)
 Metaspace       used 120602K, capacity 123800K, committed 124012K, reserved 1157120K
  class space    used 15015K, capacity 16096K, committed 16128K, reserved 1048576K
}
Event: 200.806 GC heap after
{Heap after GC invocations=60 (full 0):
 garbage-first heap   total 225280K, used 203681K [0x0000000080000000, 0x0000000100000000)
  region size 1024K, 2 young (2048K), 2 survivors (2048K)
 Metaspace       used 120602K, capacity 123800K, committed 124012K, reserved 1157120K
  class space    used 15015K, capacity 16096K, committed 16128K, reserved 1048576K
}
Event: 201.180 GC heap before
{Heap before GC invocations=60 (full 0):
 garbage-first heap   total 225280K, used 212897K [0x0000000080000000, 0x0000000100000000)
  region size 1024K, 11 young (11264K), 2 survivors (2048K)
 Metaspace       used 121671K, capacity 124913K, committed 125164K, reserved 1159168K
  class space    used 15266K, capacity 16386K, committed 16512K, reserved 1048576K
}

